<?xml version="1.0" encoding="UTF-8"?>
<coverage generated="1748160677789" clover="3.2.0">
  <project timestamp="1748160677789" name="All files">
    <metrics statements="6" coveredstatements="6" conditionals="8" coveredconditionals="8" methods="1" coveredmethods="1" elements="15" coveredelements="15" complexity="0" loc="6" ncloc="6" packages="1" files="1" classes="1"/>
    <file name="login.js" path="D:\ASLAB\PPL (2025)\PERTEMUAN 2\belajar-white-box-testing\src\login.js">
      <metrics statements="6" coveredstatements="6" conditionals="8" coveredconditionals="8" methods="1" coveredmethods="1"/>
      <line num="2" count="4" type="cond" truecount="4" falsecount="0"/>
      <line num="3" count="2" type="stmt"/>
      <line num="5" count="2" type="cond" truecount="4" falsecount="0"/>
      <line num="6" count="1" type="stmt"/>
      <line num="8" count="1" type="stmt"/>
      <line num="11" count="1" type="stmt"/>
    </file>
  </project>
</coverage>
